2025-07-10 15:18:19,804 - INFO - Starting raw disk scan of D:\
2025-07-10 15:18:19,804 - INFO - Performing file system scan of D:\
2025-07-10 15:18:20,668 - INFO - Recovered file: recovered_000000_20250710_151820.zip (ZIP Archive/Office Document, 115936656 bytes)
2025-07-10 15:18:20,694 - INFO - Recovered file: recovered_000001_20250710_151820.ini (Unknown File Type, 129 bytes)
2025-07-10 15:18:20,702 - INFO - Recovered file: recovered_000002_20250710_151820.zip (ZIP Archive/Office Document, 46400 bytes)
2025-07-10 15:18:20,707 - INFO - Recovered file: recovered_000003_20250710_151820.pdf (PDF Document, 173632 bytes)
2025-07-10 15:18:20,721 - INFO - Recovered file: recovered_000004_20250710_151820.zip (ZIP Archive/Office Document, 48675 bytes)
2025-07-10 15:18:20,734 - INFO - Recovered file: recovered_000005_20250710_151820.zip (ZIP Archive/Office Document, 32065 bytes)
2025-07-10 15:18:20,743 - INFO - Recovered file: recovered_000006_20250710_151820.zip (ZIP Archive/Office Document, 32073 bytes)
2025-07-10 15:18:20,756 - INFO - Recovered file: recovered_000007_20250710_151820.zip (ZIP Archive/Office Document, 49428 bytes)
2025-07-10 15:18:20,767 - INFO - Recovered file: recovered_000008_20250710_151820.zip (ZIP Archive/Office Document, 49428 bytes)
2025-07-10 15:18:20,774 - INFO - Recovered file: recovered_000009_20250710_151820.tmp (Unknown File Type, 49428 bytes)
2025-07-10 15:18:20,781 - INFO - Recovered file: recovered_000010_20250710_151820.zip (ZIP Archive/Office Document, 76744 bytes)
2025-07-10 15:18:20,785 - INFO - Recovered file: recovered_000011_20250710_151820.docx (Unknown File Type, 80133 bytes)
2025-07-10 15:18:20,795 - INFO - Recovered file: recovered_000012_20250710_151820.zip (ZIP Archive/Office Document, 60933 bytes)
2025-07-10 15:18:20,801 - INFO - Recovered file: recovered_000013_20250710_151820.zip (ZIP Archive/Office Document, 60933 bytes)
2025-07-10 15:18:20,897 - INFO - Recovered file: recovered_000014_20250710_151820.rar (RAR Archive (v1.5), 15339024 bytes)
2025-07-10 15:18:20,916 - INFO - Recovered file: recovered_000015_20250710_151820.rar (RAR Archive (v5.0), 4046848 bytes)
2025-07-10 15:18:20,928 - INFO - Recovered file: recovered_000016_20250710_151820.zip (ZIP Archive/Office Document, 834817 bytes)
2025-07-10 15:18:20,941 - INFO - Recovered file: recovered_000017_20250710_151820.doc (MS Office Document (Legacy), 68096 bytes)
2025-07-10 15:18:20,950 - INFO - Recovered file: recovered_000018_20250710_151820.zip (ZIP Archive/Office Document, 56820 bytes)
2025-07-10 15:18:20,958 - INFO - Recovered file: recovered_000019_20250710_151820.pdf (PDF Document, 248450 bytes)
2025-07-10 15:18:20,967 - INFO - Recovered file: recovered_000020_20250710_151820.doc (MS Office Document (Legacy), 58880 bytes)
2025-07-10 15:18:20,975 - INFO - Recovered file: recovered_000021_20250710_151820.doc (MS Office Document (Legacy), 58880 bytes)
2025-07-10 15:18:20,980 - INFO - Recovered file: recovered_000022_20250710_151820.zip (ZIP Archive/Office Document, 68248 bytes)
2025-07-10 15:18:20,987 - INFO - Recovered file: recovered_000023_20250710_151820.docx (Unknown File Type, 102209 bytes)
2025-07-10 15:18:20,995 - INFO - Recovered file: recovered_000024_20250710_151820.zip (ZIP Archive/Office Document, 107295 bytes)
2025-07-10 15:18:21,002 - INFO - Recovered file: recovered_000025_20250710_151821.docx (Unknown File Type, 107381 bytes)
2025-07-10 15:18:21,008 - INFO - Recovered file: recovered_000026_20250710_151821.zip (ZIP Archive/Office Document, 107309 bytes)
2025-07-10 15:18:21,013 - INFO - Recovered file: recovered_000027_20250710_151821.docx (Unknown File Type, 107399 bytes)
2025-07-10 15:18:21,017 - INFO - Recovered file: recovered_000028_20250710_151821.docx (Unknown File Type, 107392 bytes)
2025-07-10 15:18:21,024 - INFO - Recovered file: recovered_000029_20250710_151821.unknown (Unknown File Type, 108927 bytes)
2025-07-10 15:18:21,030 - INFO - Recovered file: recovered_000030_20250710_151821.docx (Unknown File Type, 15355 bytes)
2025-07-10 15:18:21,037 - INFO - Recovered file: recovered_000031_20250710_151821.zip (ZIP Archive/Office Document, 52153 bytes)
2025-07-10 15:18:21,040 - INFO - Recovered file: recovered_000032_20250710_151821.zip (ZIP Archive/Office Document, 52152 bytes)
2025-07-10 15:18:21,053 - INFO - Recovered file: recovered_000033_20250710_151821.doc (MS Office Document (Legacy), 52152 bytes)
2025-07-10 15:18:21,057 - INFO - Recovered file: recovered_000034_20250710_151821.doc (MS Office Document (Legacy), 52148 bytes)
2025-07-10 15:18:21,065 - INFO - Recovered file: recovered_000035_20250710_151821.doc (MS Office Document (Legacy), 52109 bytes)
2025-07-10 15:18:21,068 - INFO - Recovered file: recovered_000036_20250710_151821.zip (ZIP Archive/Office Document, 52148 bytes)
2025-07-10 15:18:21,077 - INFO - Recovered file: recovered_000037_20250710_151821.zip (ZIP Archive/Office Document, 52109 bytes)
2025-07-10 15:18:21,088 - INFO - Recovered file: recovered_000038_20250710_151821.zip (ZIP Archive/Office Document, 43064 bytes)
2025-07-10 15:18:21,095 - INFO - Recovered file: recovered_000039_20250710_151821.zip (ZIP Archive/Office Document, 60745 bytes)
2025-07-10 15:18:21,100 - INFO - Recovered file: recovered_000040_20250710_151821.pdf (PDF Document, 248450 bytes)
2025-07-10 15:18:21,107 - INFO - Recovered file: recovered_000041_20250710_151821.zip (ZIP Archive/Office Document, 71214 bytes)
2025-07-10 15:18:21,116 - INFO - Recovered file: recovered_000042_20250710_151821.pdf (PDF Document, 136926 bytes)
2025-07-10 15:18:21,122 - INFO - Recovered file: recovered_000043_20250710_151821.zip (ZIP Archive/Office Document, 71214 bytes)
2025-07-10 15:18:21,144 - INFO - Recovered file: recovered_000044_20250710_151821.xlsx (Unknown File Type, 2773168 bytes)
2025-07-10 15:18:21,165 - INFO - Recovered file: recovered_000045_20250710_151821.zip (ZIP Archive/Office Document, 2781299 bytes)
2025-07-10 15:18:21,205 - INFO - Recovered file: recovered_000046_20250710_151821.zip (ZIP Archive/Office Document, 2781295 bytes)
2025-07-10 15:18:21,262 - INFO - Recovered file: recovered_000047_20250710_151821.zip (ZIP Archive/Office Document, 2781297 bytes)
2025-07-10 15:18:21,286 - INFO - Recovered file: recovered_000048_20250710_151821.zip (ZIP Archive/Office Document, 2781296 bytes)
2025-07-10 15:18:21,311 - INFO - Recovered file: recovered_000049_20250710_151821.zip (ZIP Archive/Office Document, 2781265 bytes)
2025-07-10 15:18:21,335 - INFO - Recovered file: recovered_000050_20250710_151821.zip (ZIP Archive/Office Document, 2781263 bytes)
2025-07-10 15:18:21,355 - INFO - Recovered file: recovered_000051_20250710_151821.zip (ZIP Archive/Office Document, 2781264 bytes)
2025-07-10 15:18:21,381 - INFO - Recovered file: recovered_000052_20250710_151821.zip (ZIP Archive/Office Document, 2784435 bytes)
2025-07-10 15:18:21,402 - INFO - Recovered file: recovered_000053_20250710_151821.xlsx (Unknown File Type, 2785122 bytes)
2025-07-10 15:18:21,423 - INFO - Recovered file: recovered_000054_20250710_151821.xlsx (Unknown File Type, 2784924 bytes)
2025-07-10 15:18:21,439 - INFO - Recovered file: recovered_000055_20250710_151821.zip (ZIP Archive/Office Document, 2785385 bytes)
2025-07-10 15:18:21,466 - INFO - Recovered file: recovered_000056_20250710_151821.xlsx (Unknown File Type, 2784923 bytes)
2025-07-10 15:18:21,488 - INFO - Recovered file: recovered_000057_20250710_151821.zip (ZIP Archive/Office Document, 2785200 bytes)
2025-07-10 15:18:21,520 - INFO - Recovered file: recovered_000058_20250710_151821.zip (ZIP Archive/Office Document, 2785409 bytes)
2025-07-10 15:18:21,561 - INFO - Recovered file: recovered_000059_20250710_151821.zip (ZIP Archive/Office Document, 2781542 bytes)
2025-07-10 15:18:21,587 - INFO - Recovered file: recovered_000060_20250710_151821.xlsx (Unknown File Type, 2781438 bytes)
2025-07-10 15:18:21,606 - INFO - Recovered file: recovered_000061_20250710_151821.zip (ZIP Archive/Office Document, 2781354 bytes)
2025-07-10 15:18:21,632 - INFO - Recovered file: recovered_000062_20250710_151821.zip (ZIP Archive/Office Document, 2781326 bytes)
2025-07-10 15:18:21,651 - INFO - Recovered file: recovered_000063_20250710_151821.zip (ZIP Archive/Office Document, 2781326 bytes)
2025-07-10 15:18:21,679 - INFO - Recovered file: recovered_000064_20250710_151821.zip (ZIP Archive/Office Document, 2781295 bytes)
2025-07-10 15:18:21,707 - INFO - Recovered file: recovered_000065_20250710_151821.zip (ZIP Archive/Office Document, 2773162 bytes)
2025-07-10 15:18:21,740 - INFO - Recovered file: recovered_000066_20250710_151821.zip (ZIP Archive/Office Document, 2772357 bytes)
2025-07-10 15:18:21,757 - INFO - Recovered file: recovered_000067_20250710_151821.xlsx (Unknown File Type, 2772537 bytes)
2025-07-10 15:18:21,779 - INFO - Recovered file: recovered_000068_20250710_151821.xlsx (Unknown File Type, 2772537 bytes)
2025-07-10 15:18:21,810 - INFO - Recovered file: recovered_000069_20250710_151821.xlsx (Unknown File Type, 2772537 bytes)
2025-07-10 15:18:21,840 - INFO - Recovered file: recovered_000070_20250710_151821.zip (ZIP Archive/Office Document, 2773161 bytes)
2025-07-10 15:18:21,866 - INFO - Recovered file: recovered_000071_20250710_151821.zip (ZIP Archive/Office Document, 2767218 bytes)
2025-07-10 15:18:21,872 - INFO - Recovered file: recovered_000072_20250710_151821.zip (ZIP Archive/Office Document, 48374 bytes)
2025-07-10 15:18:21,880 - INFO - Recovered file: recovered_000073_20250710_151821.zip (ZIP Archive/Office Document, 47945 bytes)
2025-07-10 15:18:21,880 - INFO - Recovered file: recovered_000074_20250710_151821.zip (ZIP Archive/Office Document, 47946 bytes)
2025-07-10 15:18:21,896 - INFO - Recovered file: recovered_000075_20250710_151821.zip (ZIP Archive/Office Document, 47946 bytes)
2025-07-10 15:18:21,896 - INFO - Recovered file: recovered_000076_20250710_151821.tmp (Unknown File Type, 47945 bytes)
2025-07-10 15:18:21,912 - INFO - Recovered file: recovered_000077_20250710_151821.zip (ZIP Archive/Office Document, 2781295 bytes)
2025-07-10 15:18:21,946 - INFO - Recovered file: recovered_000078_20250710_151821.zip (ZIP Archive/Office Document, 2772357 bytes)
2025-07-10 15:18:21,969 - INFO - Recovered file: recovered_000079_20250710_151821.zip (ZIP Archive/Office Document, 2767218 bytes)
2025-07-10 15:18:21,989 - INFO - Recovered file: recovered_000080_20250710_151821.zip (ZIP Archive/Office Document, 2785200 bytes)
2025-07-10 15:18:22,016 - INFO - Recovered file: recovered_000081_20250710_151822.zip (ZIP Archive/Office Document, 2781542 bytes)
2025-07-10 15:18:22,039 - INFO - Recovered file: recovered_000082_20250710_151822.zip (ZIP Archive/Office Document, 2781265 bytes)
2025-07-10 15:18:22,072 - INFO - Recovered file: recovered_000083_20250710_151822.zip (ZIP Archive/Office Document, 2781354 bytes)
2025-07-10 15:18:22,106 - INFO - Recovered file: recovered_000084_20250710_151822.zip (ZIP Archive/Office Document, 2781296 bytes)
2025-07-10 15:18:22,146 - INFO - Recovered file: recovered_000085_20250710_151822.TMP (Unknown File Type, 2772537 bytes)
2025-07-10 15:18:22,206 - INFO - Recovered file: recovered_000086_20250710_151822.zip (ZIP Archive/Office Document, 2781326 bytes)
2025-07-10 15:18:22,248 - INFO - Recovered file: recovered_000087_20250710_151822.zip (ZIP Archive/Office Document, 2781295 bytes)
2025-07-10 15:18:22,300 - INFO - Recovered file: recovered_000088_20250710_151822.TMP (Unknown File Type, 2781438 bytes)
2025-07-10 15:18:22,349 - INFO - Recovered file: recovered_000089_20250710_151822.zip (ZIP Archive/Office Document, 2781297 bytes)
2025-07-10 15:18:22,413 - INFO - Recovered file: recovered_000090_20250710_151822.zip (ZIP Archive/Office Document, 2781295 bytes)
2025-07-10 15:18:22,441 - INFO - Recovered file: recovered_000091_20250710_151822.TMP (Unknown File Type, 2784924 bytes)
2025-07-10 15:18:22,470 - INFO - Recovered file: recovered_000092_20250710_151822.zip (ZIP Archive/Office Document, 2785409 bytes)
2025-07-10 15:18:22,513 - INFO - Recovered file: recovered_000093_20250710_151822.zip (ZIP Archive/Office Document, 2781265 bytes)
2025-07-10 15:18:22,551 - INFO - Recovered file: recovered_000094_20250710_151822.zip (ZIP Archive/Office Document, 2781264 bytes)
2025-07-10 15:18:22,630 - INFO - Recovered file: recovered_000095_20250710_151822.zip (ZIP Archive/Office Document, 2781297 bytes)
2025-07-10 15:18:22,679 - INFO - Recovered file: recovered_000096_20250710_151822.zip (ZIP Archive/Office Document, 2772357 bytes)
2025-07-10 15:18:22,750 - INFO - Recovered file: recovered_000097_20250710_151822.TMP (Unknown File Type, 2781263 bytes)
2025-07-10 15:18:22,829 - INFO - Recovered file: recovered_000098_20250710_151822.zip (ZIP Archive/Office Document, 2781299 bytes)
2025-07-10 15:18:22,905 - INFO - Recovered file: recovered_000099_20250710_151822.unknown (Unknown File Type, 2784924 bytes)
2025-07-10 15:18:22,981 - INFO - Recovered file: recovered_000100_20250710_151822.unknown (Unknown File Type, 2772537 bytes)
2025-07-10 15:18:23,080 - INFO - Recovered file: recovered_000101_20250710_151823.unknown (Unknown File Type, 2773168 bytes)
2025-07-10 15:18:23,155 - INFO - Recovered file: recovered_000102_20250710_151823.zip (ZIP Archive/Office Document, 2773162 bytes)
2025-07-10 15:18:23,231 - INFO - Recovered file: recovered_000103_20250710_151823.zip (ZIP Archive/Office Document, 2781326 bytes)
2025-07-10 15:18:23,310 - INFO - Recovered file: recovered_000104_20250710_151823.zip (ZIP Archive/Office Document, 2784435 bytes)
2025-07-10 15:18:23,394 - INFO - Recovered file: recovered_000105_20250710_151823.zip (ZIP Archive/Office Document, 2785200 bytes)
2025-07-10 15:18:23,450 - INFO - Recovered file: recovered_000106_20250710_151823.zip (ZIP Archive/Office Document, 2781296 bytes)
2025-07-10 15:18:23,499 - INFO - Recovered file: recovered_000107_20250710_151823.TMP (Unknown File Type, 2785122 bytes)
2025-07-10 15:18:23,614 - INFO - Recovered file: recovered_000108_20250710_151823.zip (ZIP Archive/Office Document, 2781326 bytes)
2025-07-10 15:18:23,692 - INFO - Recovered file: recovered_000109_20250710_151823.zip (ZIP Archive/Office Document, 2781295 bytes)
2025-07-10 15:18:23,723 - INFO - Recovered file: recovered_000110_20250710_151823.unknown (Unknown File Type, 2784923 bytes)
2025-07-10 15:18:23,764 - INFO - Recovered file: recovered_000111_20250710_151823.zip (ZIP Archive/Office Document, 2785385 bytes)
2025-07-10 15:18:23,795 - INFO - Recovered file: recovered_000112_20250710_151823.zip (ZIP Archive/Office Document, 2784435 bytes)
2025-07-10 15:18:23,827 - INFO - Recovered file: recovered_000113_20250710_151823.zip (ZIP Archive/Office Document, 2785385 bytes)
2025-07-10 15:18:23,857 - INFO - Recovered file: recovered_000114_20250710_151823.TMP (Unknown File Type, 2784923 bytes)
2025-07-10 15:18:23,887 - INFO - Recovered file: recovered_000115_20250710_151823.TMP (Unknown File Type, 2773168 bytes)
2025-07-10 15:18:23,916 - INFO - Recovered file: recovered_000116_20250710_151823.unknown (Unknown File Type, 2772537 bytes)
2025-07-10 15:18:23,956 - INFO - Recovered file: recovered_000117_20250710_151823.zip (ZIP Archive/Office Document, 2781299 bytes)
2025-07-10 15:18:23,987 - INFO - Recovered file: recovered_000118_20250710_151823.unknown (Unknown File Type, 2785122 bytes)
2025-07-10 15:18:24,036 - INFO - Recovered file: recovered_000119_20250710_151824.zip (ZIP Archive/Office Document, 2773161 bytes)
2025-07-10 15:18:24,086 - INFO - Recovered file: recovered_000120_20250710_151824.zip (ZIP Archive/Office Document, 2781354 bytes)
2025-07-10 15:18:24,118 - INFO - Recovered file: recovered_000121_20250710_151824.zip (ZIP Archive/Office Document, 2773161 bytes)
2025-07-10 15:18:24,146 - INFO - Recovered file: recovered_000122_20250710_151824.zip (ZIP Archive/Office Document, 2781542 bytes)
2025-07-10 15:18:24,170 - INFO - Recovered file: recovered_000123_20250710_151824.TMP (Unknown File Type, 2772537 bytes)
2025-07-10 15:18:24,194 - INFO - Recovered file: recovered_000124_20250710_151824.zip (ZIP Archive/Office Document, 2781263 bytes)
2025-07-10 15:18:24,220 - INFO - Recovered file: recovered_000125_20250710_151824.zip (ZIP Archive/Office Document, 2785409 bytes)
2025-07-10 15:18:24,253 - INFO - Recovered file: recovered_000126_20250710_151824.unknown (Unknown File Type, 2772537 bytes)
2025-07-10 15:18:24,287 - INFO - Recovered file: recovered_000127_20250710_151824.unknown (Unknown File Type, 2781438 bytes)
2025-07-10 15:18:24,311 - INFO - Recovered file: recovered_000128_20250710_151824.TMP (Unknown File Type, 2772537 bytes)
2025-07-10 15:18:24,342 - INFO - Recovered file: recovered_000129_20250710_151824.zip (ZIP Archive/Office Document, 2781264 bytes)
2025-07-10 15:18:24,373 - INFO - Recovered file: recovered_000130_20250710_151824.zip (ZIP Archive/Office Document, 2781326 bytes)
2025-07-10 15:18:24,388 - INFO - Recovered file: recovered_000131_20250710_151824.zip (ZIP Archive/Office Document, 130037 bytes)
2025-07-10 15:18:24,417 - INFO - Recovered file: recovered_000132_20250710_151824.TMP (Unknown File Type, 15355 bytes)
2025-07-10 15:18:24,437 - INFO - Recovered file: recovered_000133_20250710_151824.zip (ZIP Archive/Office Document, 60933 bytes)
2025-07-10 15:18:24,457 - INFO - Recovered file: recovered_000134_20250710_151824.zip (ZIP Archive/Office Document, 60933 bytes)
2025-07-10 15:18:24,457 - INFO - Recovered file: recovered_000135_20250710_151824.zip (ZIP Archive/Office Document, 107309 bytes)
2025-07-10 15:18:24,477 - INFO - Recovered file: recovered_000136_20250710_151824.zip (ZIP Archive/Office Document, 32073 bytes)
2025-07-10 15:18:24,501 - INFO - Recovered file: recovered_000137_20250710_151824.doc (MS Office Document (Legacy), 68096 bytes)
2025-07-10 15:18:24,518 - INFO - Recovered file: recovered_000138_20250710_151824.doc (MS Office Document (Legacy), 52109 bytes)
2025-07-10 15:18:24,528 - INFO - Recovered file: recovered_000139_20250710_151824.zip (ZIP Archive/Office Document, 52152 bytes)
2025-07-10 15:18:24,547 - INFO - Recovered file: recovered_000140_20250710_151824.zip (ZIP Archive/Office Document, 52148 bytes)
2025-07-10 15:18:24,560 - INFO - Recovered file: recovered_000141_20250710_151824.zip (ZIP Archive/Office Document, 52153 bytes)
2025-07-10 15:18:24,576 - INFO - Recovered file: recovered_000142_20250710_151824.doc (MS Office Document (Legacy), 52152 bytes)
2025-07-10 15:18:24,580 - INFO - Recovered file: recovered_000143_20250710_151824.TMP (Unknown File Type, 107381 bytes)
2025-07-10 15:18:24,590 - INFO - Recovered file: recovered_000144_20250710_151824.zip (ZIP Archive/Office Document, 48374 bytes)
2025-07-10 15:18:24,600 - INFO - Recovered file: recovered_000145_20250710_151824.doc (MS Office Document (Legacy), 52148 bytes)
2025-07-10 15:18:24,610 - INFO - Recovered file: recovered_000146_20250710_151824.TMP (Unknown File Type, 107392 bytes)
2025-07-10 15:18:24,611 - INFO - Recovered file: recovered_000147_20250710_151824.zip (ZIP Archive/Office Document, 32065 bytes)
2025-07-10 15:18:24,626 - INFO - Recovered file: recovered_000148_20250710_151824.zip (ZIP Archive/Office Document, 107295 bytes)
2025-07-10 15:18:24,631 - INFO - Recovered file: recovered_000149_20250710_151824.TMP (Unknown File Type, 107399 bytes)
2025-07-10 15:18:24,642 - INFO - Recovered file: recovered_000150_20250710_151824.zip (ZIP Archive/Office Document, 44614 bytes)
2025-07-10 15:18:24,649 - INFO - Recovered file: recovered_000151_20250710_151824.zip (ZIP Archive/Office Document, 52109 bytes)
2025-07-10 15:18:24,658 - INFO - Recovered file: recovered_000152_20250710_151824.TMP (Unknown File Type, 80133 bytes)
2025-07-10 15:18:24,666 - INFO - Recovered file: recovered_000153_20250710_151824.zip (ZIP Archive/Office Document, 60933 bytes)
2025-07-10 15:18:24,676 - INFO - Recovered file: recovered_000154_20250710_151824.zip (ZIP Archive/Office Document, 107295 bytes)
2025-07-10 15:18:24,683 - INFO - Recovered file: recovered_000155_20250710_151824.zip (ZIP Archive/Office Document, 32065 bytes)
2025-07-10 15:18:24,692 - INFO - Recovered file: recovered_000156_20250710_151824.zip (ZIP Archive/Office Document, 52109 bytes)
2025-07-10 15:18:24,700 - INFO - Recovered file: recovered_000157_20250710_151824.TMP (Unknown File Type, 52152 bytes)
2025-07-10 15:18:24,710 - INFO - Recovered file: recovered_000158_20250710_151824.TMP (Unknown File Type, 52109 bytes)
2025-07-10 15:18:24,720 - INFO - Recovered file: recovered_000159_20250710_151824.TMP (Unknown File Type, 52148 bytes)
2025-07-10 15:18:24,729 - INFO - Recovered file: recovered_000160_20250710_151824.TMP (Unknown File Type, 52153 bytes)
2025-07-10 15:18:24,733 - INFO - Recovered file: recovered_000161_20250710_151824.TMP (Unknown File Type, 102209 bytes)
2025-07-10 15:18:24,744 - INFO - Recovered file: recovered_000162_20250710_151824.zip (ZIP Archive/Office Document, 52148 bytes)
2025-07-10 15:18:24,753 - INFO - Recovered file: recovered_000163_20250710_151824.TMP (Unknown File Type, 107381 bytes)
2025-07-10 15:18:24,763 - INFO - Recovered file: recovered_000164_20250710_151824.TMP (Unknown File Type, 107399 bytes)
2025-07-10 15:18:24,775 - INFO - Recovered file: recovered_000165_20250710_151824.TMP (Unknown File Type, 107392 bytes)
2025-07-10 15:18:24,781 - INFO - Recovered file: recovered_000166_20250710_151824.zip (ZIP Archive/Office Document, 44603 bytes)
2025-07-10 15:18:24,793 - INFO - Recovered file: recovered_000167_20250710_151824.TMP (Unknown File Type, 15355 bytes)
2025-07-10 15:18:24,898 - INFO - Recovered file: recovered_000168_20250710_151824.docx (Unknown File Type, 162 bytes)
2025-07-10 15:18:24,916 - INFO - Recovered file: recovered_000169_20250710_151824.docx (Unknown File Type, 162 bytes)
2025-07-10 15:18:24,938 - INFO - Recovered file: recovered_000170_20250710_151824.xlsx (Unknown File Type, 165 bytes)
2025-07-10 15:18:24,952 - INFO - Recovered file: recovered_000171_20250710_151824.xlsx (Unknown File Type, 165 bytes)
2025-07-10 15:18:24,969 - INFO - Recovered file: recovered_000172_20250710_151824.docx (Unknown File Type, 162 bytes)
2025-07-10 15:18:24,979 - INFO - Recovered file: recovered_000173_20250710_151824.docx (Unknown File Type, 162 bytes)
2025-07-10 15:18:24,993 - INFO - Recovered file: recovered_000174_20250710_151824.docx (Unknown File Type, 162 bytes)
2025-07-10 15:18:24,996 - INFO - Recovered file: recovered_000175_20250710_151824.docx (Unknown File Type, 162 bytes)
2025-07-10 15:18:25,006 - INFO - Recovered file: recovered_000176_20250710_151825.docx (Unknown File Type, 162 bytes)
2025-07-10 15:18:25,010 - INFO - Recovered file: recovered_000177_20250710_151825.zip (ZIP Archive/Office Document, 162 bytes)
2025-07-10 15:18:25,026 - INFO - Recovered file: recovered_000178_20250710_151825.doc (Unknown File Type, 162 bytes)
2025-07-10 15:18:25,044 - INFO - Recovered file: recovered_000179_20250710_151825.doc (Unknown File Type, 162 bytes)
2025-07-10 15:18:25,056 - INFO - Recovered file: recovered_000180_20250710_151825.zip (ZIP Archive/Office Document, 162 bytes)
2025-07-10 15:18:25,061 - INFO - Recovered file: recovered_000181_20250710_151825.xlsx (Unknown File Type, 165 bytes)
2025-07-10 15:18:25,069 - INFO - Recovered file: recovered_000182_20250710_151825.xlsx (Unknown File Type, 165 bytes)
2025-07-10 15:18:25,078 - INFO - Recovered file: recovered_000183_20250710_151825.xlsx (Unknown File Type, 165 bytes)
2025-07-10 15:18:25,098 - INFO - Recovered file: recovered_000184_20250710_151825.xlsx (Unknown File Type, 165 bytes)
2025-07-10 15:18:25,108 - INFO - Recovered file: recovered_000185_20250710_151825.docx (Unknown File Type, 162 bytes)
2025-07-10 15:18:25,115 - INFO - Recovered file: recovered_000186_20250710_151825.docx (Unknown File Type, 162 bytes)
2025-07-10 15:18:25,120 - INFO - Recovered file: recovered_000187_20250710_151825.docx (Unknown File Type, 162 bytes)
2025-07-10 15:18:25,129 - INFO - Recovered file: recovered_000188_20250710_151825.zip (ZIP Archive/Office Document, 162 bytes)
2025-07-10 15:18:25,136 - INFO - Recovered file: recovered_000189_20250710_151825.zip (ZIP Archive/Office Document, 162 bytes)
2025-07-10 15:18:25,147 - INFO - Recovered file: recovered_000190_20250710_151825.xlsx (Unknown File Type, 165 bytes)
2025-07-10 15:18:25,160 - INFO - Recovered file: recovered_000191_20250710_151825.xlsx (Unknown File Type, 165 bytes)
2025-07-10 15:18:25,168 - INFO - Recovered file: recovered_000192_20250710_151825.docx (Unknown File Type, 162 bytes)
2025-07-10 15:18:25,171 - INFO - Recovered file: recovered_000193_20250710_151825.docx (Unknown File Type, 162 bytes)
2025-07-10 15:18:25,185 - INFO - Recovered file: recovered_000194_20250710_151825.zip (ZIP Archive/Office Document, 44614 bytes)
2025-07-10 15:18:25,228 - INFO - Recovered file: recovered_000195_20250710_151825.exe (Windows Executable, 2869264 bytes)
2025-07-10 15:18:25,244 - INFO - Recovered file: recovered_000196_20250710_151825.pdf (PDF Document, 1111349 bytes)
2025-07-10 15:18:25,254 - INFO - Recovered file: recovered_000197_20250710_151825.pdf (PDF Document, 245671 bytes)
2025-07-10 15:18:25,268 - INFO - Recovered file: recovered_000198_20250710_151825.exe (Windows Executable, 274432 bytes)
2025-07-10 15:18:25,277 - INFO - Recovered file: recovered_000199_20250710_151825.lst (Unknown File Type, 600 bytes)
2025-07-10 15:18:38,916 - INFO - Recovered file: recovered_000200_20250710_151825.exe (Windows Executable, 57393504 bytes)
2025-07-10 15:18:38,954 - INFO - Recovered file: recovered_000201_20250710_151838.exe (Windows Executable, 33280 bytes)
2025-07-10 15:18:38,976 - INFO - Recovered file: recovered_000202_20250710_151838.doc (MS Office Document (Legacy), 27648 bytes)
2025-07-10 15:18:38,983 - INFO - Recovered file: recovered_000203_20250710_151838.txt (UTF-8 Text with BOM, 71 bytes)
2025-07-10 15:18:38,991 - INFO - Recovered file: recovered_000204_20250710_151838.txt (UTF-16 LE Text, 2044 bytes)
2025-07-10 15:18:39,023 - INFO - Recovered file: recovered_000205_20250710_151839.exe (Windows Executable, 707072 bytes)
2025-07-10 15:18:39,041 - INFO - Recovered file: recovered_000206_20250710_151839.cab (Unknown File Type, 429821 bytes)
2025-07-10 15:18:39,054 - INFO - Recovered file: recovered_000207_20250710_151839.hdr (Unknown File Type, 103120 bytes)
2025-07-10 15:18:46,877 - INFO - Recovered file: recovered_000208_20250710_151839.cab (Unknown File Type, 163148473 bytes)
2025-07-10 15:18:46,914 - INFO - Recovered file: recovered_000209_20250710_151846.exe (Windows Executable, 552214 bytes)
2025-07-10 15:18:46,915 - INFO - Recovered file: recovered_000210_20250710_151846.bin (Unknown File Type, 455 bytes)
2025-07-10 15:18:46,928 - INFO - Recovered file: recovered_000211_20250710_151846.exe (Windows Executable, 455600 bytes)
2025-07-10 15:18:46,935 - INFO - Recovered file: recovered_000212_20250710_151846.ini (Unknown File Type, 454 bytes)
2025-07-10 15:18:46,946 - INFO - Recovered file: recovered_000213_20250710_151846.inx (Unknown File Type, 247788 bytes)
2025-07-10 15:18:46,951 - INFO - Recovered file: recovered_000214_20250710_151846.exe (Windows Executable, 164784 bytes)
2025-07-10 15:18:49,049 - INFO - Recovered file: recovered_000215_20250710_151847.exe (Windows Executable, 242743296 bytes)
2025-07-10 15:18:49,077 - INFO - Recovered file: recovered_000216_20250710_151849.ico (Windows Icon, 15086 bytes)
2025-07-10 15:18:49,101 - INFO - Recovered file: recovered_000217_20250710_151849.exe (Windows Executable, 2585872 bytes)
2025-07-10 15:18:49,149 - INFO - Recovered file: recovered_000218_20250710_151849.exe (Windows Executable, 5634880 bytes)
2025-07-10 15:18:49,160 - INFO - Recovered file: recovered_000219_20250710_151849.exe (Windows Executable, 394240 bytes)
2025-07-10 15:18:49,170 - INFO - Recovered file: recovered_000220_20250710_151849.exe (Windows Executable, 917340 bytes)
2025-07-10 15:18:49,193 - INFO - Recovered file: recovered_000221_20250710_151849.unknown (Unknown File Type, 2773168 bytes)
2025-07-10 15:18:49,225 - INFO - Recovered file: recovered_000222_20250710_151849.zip (ZIP Archive/Office Document, 46400 bytes)
2025-07-10 15:18:49,261 - INFO - Recovered file: recovered_000223_20250710_151849.pdf (PDF Document, 173632 bytes)
2025-07-10 15:18:49,275 - INFO - Recovered file: recovered_000224_20250710_151849.zip (ZIP Archive/Office Document, 48675 bytes)
2025-07-10 15:18:49,295 - INFO - Recovered file: recovered_000225_20250710_151849.zip (ZIP Archive/Office Document, 32065 bytes)
2025-07-10 15:18:49,303 - INFO - Recovered file: recovered_000226_20250710_151849.zip (ZIP Archive/Office Document, 32073 bytes)
2025-07-10 15:18:49,313 - INFO - Recovered file: recovered_000227_20250710_151849.zip (ZIP Archive/Office Document, 49428 bytes)
2025-07-10 15:18:49,318 - INFO - Recovered file: recovered_000228_20250710_151849.zip (ZIP Archive/Office Document, 49428 bytes)
2025-07-10 15:18:49,327 - INFO - Recovered file: recovered_000229_20250710_151849.tmp (Unknown File Type, 49428 bytes)
2025-07-10 15:18:49,334 - INFO - Recovered file: recovered_000230_20250710_151849.zip (ZIP Archive/Office Document, 76744 bytes)
2025-07-10 15:18:49,384 - INFO - Recovered file: recovered_000231_20250710_151849.zip (ZIP Archive/Office Document, 60933 bytes)
2025-07-10 15:18:49,414 - INFO - Recovered file: recovered_000232_20250710_151849.docx (Unknown File Type, 80133 bytes)
2025-07-10 15:18:49,426 - INFO - Recovered file: recovered_000233_20250710_151849.zip (ZIP Archive/Office Document, 60933 bytes)
2025-07-10 15:18:49,447 - INFO - Recovered file: recovered_000234_20250710_151849.zip (ZIP Archive/Office Document, 834817 bytes)
2025-07-10 15:18:49,459 - INFO - Recovered file: recovered_000235_20250710_151849.doc (MS Office Document (Legacy), 68096 bytes)
2025-07-10 15:18:49,471 - INFO - Recovered file: recovered_000236_20250710_151849.zip (ZIP Archive/Office Document, 56820 bytes)
2025-07-10 15:18:49,480 - INFO - Recovered file: recovered_000237_20250710_151849.pdf (PDF Document, 248450 bytes)
2025-07-10 15:18:49,480 - INFO - Recovered file: recovered_000238_20250710_151849.doc (MS Office Document (Legacy), 58880 bytes)
2025-07-10 15:18:49,495 - INFO - Recovered file: recovered_000239_20250710_151849.doc (MS Office Document (Legacy), 58880 bytes)
2025-07-10 15:18:49,497 - INFO - Recovered file: recovered_000240_20250710_151849.zip (ZIP Archive/Office Document, 68248 bytes)
2025-07-10 15:18:49,512 - INFO - Recovered file: recovered_000241_20250710_151849.zip (ZIP Archive/Office Document, 107295 bytes)
2025-07-10 15:18:49,513 - INFO - Recovered file: recovered_000242_20250710_151849.docx (Unknown File Type, 107399 bytes)
2025-07-10 15:18:49,529 - INFO - Recovered file: recovered_000243_20250710_151849.docx (Unknown File Type, 107392 bytes)
2025-07-10 15:18:49,549 - INFO - Recovered file: recovered_000244_20250710_151849.docx (Unknown File Type, 107381 bytes)
2025-07-10 15:18:49,552 - INFO - Recovered file: recovered_000245_20250710_151849.docx (Unknown File Type, 102209 bytes)
2025-07-10 15:18:49,562 - INFO - Recovered file: recovered_000246_20250710_151849.zip (ZIP Archive/Office Document, 107309 bytes)
2025-07-10 15:18:49,562 - INFO - Recovered file: recovered_000247_20250710_151849.unknown (Unknown File Type, 108927 bytes)
2025-07-10 15:18:49,578 - INFO - Recovered file: recovered_000248_20250710_151849.doc (MS Office Document (Legacy), 52152 bytes)
2025-07-10 15:18:49,579 - INFO - Recovered file: recovered_000249_20250710_151849.zip (ZIP Archive/Office Document, 52153 bytes)
2025-07-10 15:18:49,590 - INFO - Recovered file: recovered_000250_20250710_151849.doc (MS Office Document (Legacy), 52148 bytes)
2025-07-10 15:18:49,595 - INFO - Recovered file: recovered_000251_20250710_151849.zip (ZIP Archive/Office Document, 52148 bytes)
2025-07-10 15:18:49,602 - INFO - Recovered file: recovered_000252_20250710_151849.doc (MS Office Document (Legacy), 52109 bytes)
2025-07-10 15:18:49,608 - INFO - Recovered file: recovered_000253_20250710_151849.zip (ZIP Archive/Office Document, 52109 bytes)
2025-07-10 15:18:49,612 - INFO - Recovered file: recovered_000254_20250710_151849.docx (Unknown File Type, 15355 bytes)
2025-07-10 15:18:49,621 - INFO - Recovered file: recovered_000255_20250710_151849.zip (ZIP Archive/Office Document, 52152 bytes)
2025-07-10 15:18:49,632 - INFO - Recovered file: recovered_000256_20250710_151849.zip (ZIP Archive/Office Document, 43064 bytes)
2025-07-10 15:18:49,637 - INFO - Recovered file: recovered_000257_20250710_151849.zip (ZIP Archive/Office Document, 60745 bytes)
2025-07-10 15:18:49,643 - INFO - Recovered file: recovered_000258_20250710_151849.pdf (PDF Document, 248450 bytes)
2025-07-10 15:18:49,653 - INFO - Recovered file: recovered_000259_20250710_151849.zip (ZIP Archive/Office Document, 71214 bytes)
2025-07-10 15:18:49,661 - INFO - Recovered file: recovered_000260_20250710_151849.pdf (PDF Document, 136926 bytes)
2025-07-10 15:18:49,662 - INFO - Recovered file: recovered_000261_20250710_151849.zip (ZIP Archive/Office Document, 71214 bytes)
2025-07-10 15:18:49,682 - INFO - Recovered file: recovered_000262_20250710_151849.xlsx (Unknown File Type, 2773168 bytes)
2025-07-10 15:18:49,713 - INFO - Recovered file: recovered_000263_20250710_151849.zip (ZIP Archive/Office Document, 2781299 bytes)
2025-07-10 15:18:49,737 - INFO - Recovered file: recovered_000264_20250710_151849.zip (ZIP Archive/Office Document, 2781295 bytes)
2025-07-10 15:18:49,763 - INFO - Recovered file: recovered_000265_20250710_151849.zip (ZIP Archive/Office Document, 2781297 bytes)
2025-07-10 15:18:49,786 - INFO - Recovered file: recovered_000266_20250710_151849.zip (ZIP Archive/Office Document, 2781296 bytes)
2025-07-10 15:18:49,802 - INFO - Recovered file: recovered_000267_20250710_151849.zip (ZIP Archive/Office Document, 2781265 bytes)
2025-07-10 15:18:49,850 - INFO - Recovered file: recovered_000268_20250710_151849.zip (ZIP Archive/Office Document, 2781263 bytes)
2025-07-10 15:18:49,879 - INFO - Recovered file: recovered_000269_20250710_151849.zip (ZIP Archive/Office Document, 2781264 bytes)
2025-07-10 15:18:49,908 - INFO - Recovered file: recovered_000270_20250710_151849.zip (ZIP Archive/Office Document, 2784435 bytes)
2025-07-10 15:18:49,936 - INFO - Recovered file: recovered_000271_20250710_151849.xlsx (Unknown File Type, 2785122 bytes)
2025-07-10 15:18:49,964 - INFO - Recovered file: recovered_000272_20250710_151849.xlsx (Unknown File Type, 2784924 bytes)
2025-07-10 15:18:49,990 - INFO - Recovered file: recovered_000273_20250710_151849.zip (ZIP Archive/Office Document, 2785385 bytes)
2025-07-10 15:18:50,022 - INFO - Recovered file: recovered_000274_20250710_151850.xlsx (Unknown File Type, 2784923 bytes)
2025-07-10 15:18:50,045 - INFO - Recovered file: recovered_000275_20250710_151850.zip (ZIP Archive/Office Document, 2785200 bytes)
2025-07-10 15:18:50,076 - INFO - Recovered file: recovered_000276_20250710_151850.zip (ZIP Archive/Office Document, 2785409 bytes)
2025-07-10 15:18:50,098 - INFO - Recovered file: recovered_000277_20250710_151850.zip (ZIP Archive/Office Document, 2781542 bytes)
2025-07-10 15:18:50,146 - INFO - Recovered file: recovered_000278_20250710_151850.xlsx (Unknown File Type, 2781438 bytes)
2025-07-10 15:18:50,231 - INFO - Recovered file: recovered_000279_20250710_151850.zip (ZIP Archive/Office Document, 2781354 bytes)
2025-07-10 15:18:50,277 - INFO - Recovered file: recovered_000280_20250710_151850.zip (ZIP Archive/Office Document, 2781326 bytes)
2025-07-10 15:18:50,310 - INFO - Recovered file: recovered_000281_20250710_151850.zip (ZIP Archive/Office Document, 2781326 bytes)
2025-07-10 15:18:50,345 - INFO - Recovered file: recovered_000282_20250710_151850.zip (ZIP Archive/Office Document, 2781295 bytes)
2025-07-10 15:18:50,396 - INFO - Recovered file: recovered_000283_20250710_151850.zip (ZIP Archive/Office Document, 2773162 bytes)
2025-07-10 15:18:50,424 - INFO - Recovered file: recovered_000284_20250710_151850.zip (ZIP Archive/Office Document, 2772357 bytes)
2025-07-10 15:18:50,460 - INFO - Recovered file: recovered_000285_20250710_151850.xlsx (Unknown File Type, 2772537 bytes)
2025-07-10 15:18:50,495 - INFO - Recovered file: recovered_000286_20250710_151850.xlsx (Unknown File Type, 2772537 bytes)
2025-07-10 15:18:50,525 - INFO - Recovered file: recovered_000287_20250710_151850.xlsx (Unknown File Type, 2772537 bytes)
2025-07-10 15:18:50,557 - INFO - Recovered file: recovered_000288_20250710_151850.zip (ZIP Archive/Office Document, 2773161 bytes)
2025-07-10 15:18:50,584 - INFO - Recovered file: recovered_000289_20250710_151850.zip (ZIP Archive/Office Document, 2767218 bytes)
2025-07-10 15:18:50,594 - INFO - Recovered file: recovered_000290_20250710_151850.zip (ZIP Archive/Office Document, 48374 bytes)
2025-07-10 15:18:50,610 - INFO - Recovered file: recovered_000291_20250710_151850.zip (ZIP Archive/Office Document, 47945 bytes)
2025-07-10 15:18:50,622 - INFO - Recovered file: recovered_000292_20250710_151850.zip (ZIP Archive/Office Document, 47946 bytes)
2025-07-10 15:18:50,639 - INFO - Recovered file: recovered_000293_20250710_151850.zip (ZIP Archive/Office Document, 47946 bytes)
2025-07-10 15:18:50,652 - INFO - Recovered file: recovered_000294_20250710_151850.tmp (Unknown File Type, 47945 bytes)
2025-07-10 15:18:50,694 - INFO - Recovered file: recovered_000295_20250710_151850.zip (ZIP Archive/Office Document, 2781295 bytes)
2025-07-10 15:18:50,731 - INFO - Recovered file: recovered_000296_20250710_151850.zip (ZIP Archive/Office Document, 2772357 bytes)
2025-07-10 15:18:50,795 - INFO - Recovered file: recovered_000297_20250710_151850.zip (ZIP Archive/Office Document, 2767218 bytes)
2025-07-10 15:18:50,848 - INFO - Recovered file: recovered_000298_20250710_151850.zip (ZIP Archive/Office Document, 2785200 bytes)
2025-07-10 15:18:50,915 - INFO - Recovered file: recovered_000299_20250710_151850.zip (ZIP Archive/Office Document, 2781542 bytes)
2025-07-10 15:18:50,962 - INFO - Recovered file: recovered_000300_20250710_151850.zip (ZIP Archive/Office Document, 2781265 bytes)
2025-07-10 15:18:51,012 - INFO - Recovered file: recovered_000301_20250710_151850.zip (ZIP Archive/Office Document, 2781354 bytes)
2025-07-10 15:18:51,065 - INFO - Recovered file: recovered_000302_20250710_151851.zip (ZIP Archive/Office Document, 2781296 bytes)
2025-07-10 15:18:51,113 - INFO - Recovered file: recovered_000303_20250710_151851.TMP (Unknown File Type, 2772537 bytes)
2025-07-10 15:18:51,164 - INFO - Recovered file: recovered_000304_20250710_151851.zip (ZIP Archive/Office Document, 2781326 bytes)
2025-07-10 15:18:51,215 - INFO - Recovered file: recovered_000305_20250710_151851.zip (ZIP Archive/Office Document, 2781295 bytes)
2025-07-10 15:18:51,365 - INFO - Recovered file: recovered_000306_20250710_151851.TMP (Unknown File Type, 2781438 bytes)
2025-07-10 15:18:51,423 - INFO - Recovered file: recovered_000307_20250710_151851.zip (ZIP Archive/Office Document, 2781297 bytes)
2025-07-10 15:18:51,470 - INFO - Recovered file: recovered_000308_20250710_151851.zip (ZIP Archive/Office Document, 2781295 bytes)
2025-07-10 15:18:51,536 - INFO - Recovered file: recovered_000309_20250710_151851.TMP (Unknown File Type, 2784924 bytes)
2025-07-10 15:18:51,561 - INFO - Recovered file: recovered_000310_20250710_151851.zip (ZIP Archive/Office Document, 2785409 bytes)
2025-07-10 15:18:51,581 - INFO - Recovered file: recovered_000311_20250710_151851.zip (ZIP Archive/Office Document, 2781265 bytes)
2025-07-10 15:18:51,614 - INFO - Recovered file: recovered_000312_20250710_151851.zip (ZIP Archive/Office Document, 2781264 bytes)
2025-07-10 15:18:51,633 - INFO - Recovered file: recovered_000313_20250710_151851.zip (ZIP Archive/Office Document, 2781297 bytes)
2025-07-10 15:18:51,668 - INFO - Recovered file: recovered_000314_20250710_151851.zip (ZIP Archive/Office Document, 2772357 bytes)
2025-07-10 15:18:51,695 - INFO - Recovered file: recovered_000315_20250710_151851.TMP (Unknown File Type, 2781263 bytes)
2025-07-10 15:18:51,724 - INFO - Recovered file: recovered_000316_20250710_151851.zip (ZIP Archive/Office Document, 2781299 bytes)
2025-07-10 15:18:51,747 - INFO - Recovered file: recovered_000317_20250710_151851.unknown (Unknown File Type, 2784924 bytes)
2025-07-10 15:18:51,772 - INFO - Recovered file: recovered_000318_20250710_151851.unknown (Unknown File Type, 2772537 bytes)
2025-07-10 15:18:51,801 - INFO - Recovered file: recovered_000319_20250710_151851.unknown (Unknown File Type, 2773168 bytes)
2025-07-10 15:18:51,830 - INFO - Recovered file: recovered_000320_20250710_151851.zip (ZIP Archive/Office Document, 2773162 bytes)
2025-07-10 15:18:51,856 - INFO - Recovered file: recovered_000321_20250710_151851.zip (ZIP Archive/Office Document, 2781326 bytes)
2025-07-10 15:18:51,886 - INFO - Recovered file: recovered_000322_20250710_151851.zip (ZIP Archive/Office Document, 2784435 bytes)
2025-07-10 15:18:51,906 - INFO - Recovered file: recovered_000323_20250710_151851.zip (ZIP Archive/Office Document, 2785200 bytes)
2025-07-10 15:18:51,934 - INFO - Recovered file: recovered_000324_20250710_151851.zip (ZIP Archive/Office Document, 2781296 bytes)
2025-07-10 15:18:51,962 - INFO - Recovered file: recovered_000325_20250710_151851.TMP (Unknown File Type, 2785122 bytes)
2025-07-10 15:18:51,993 - INFO - Recovered file: recovered_000326_20250710_151851.zip (ZIP Archive/Office Document, 2781326 bytes)
2025-07-10 15:18:52,021 - INFO - Recovered file: recovered_000327_20250710_151852.zip (ZIP Archive/Office Document, 2781295 bytes)
2025-07-10 15:18:52,052 - INFO - Recovered file: recovered_000328_20250710_151852.unknown (Unknown File Type, 2784923 bytes)
2025-07-10 15:18:52,080 - INFO - Recovered file: recovered_000329_20250710_151852.zip (ZIP Archive/Office Document, 2785385 bytes)
2025-07-10 15:18:52,115 - INFO - Recovered file: recovered_000330_20250710_151852.zip (ZIP Archive/Office Document, 2784435 bytes)
2025-07-10 15:18:52,181 - INFO - Recovered file: recovered_000331_20250710_151852.zip (ZIP Archive/Office Document, 2785385 bytes)
2025-07-10 15:18:52,234 - INFO - Recovered file: recovered_000332_20250710_151852.TMP (Unknown File Type, 2784923 bytes)
2025-07-10 15:18:52,313 - INFO - Recovered file: recovered_000333_20250710_151852.TMP (Unknown File Type, 2773168 bytes)
2025-07-10 15:18:52,347 - INFO - Recovered file: recovered_000334_20250710_151852.unknown (Unknown File Type, 2772537 bytes)
2025-07-10 15:18:52,397 - INFO - Recovered file: recovered_000335_20250710_151852.zip (ZIP Archive/Office Document, 2781299 bytes)
2025-07-10 15:18:52,434 - INFO - Recovered file: recovered_000336_20250710_151852.unknown (Unknown File Type, 2785122 bytes)
2025-07-10 15:18:52,527 - INFO - Recovered file: recovered_000337_20250710_151852.zip (ZIP Archive/Office Document, 2773161 bytes)
2025-07-10 15:18:52,584 - INFO - Recovered file: recovered_000338_20250710_151852.zip (ZIP Archive/Office Document, 2781354 bytes)
2025-07-10 15:18:52,636 - INFO - Recovered file: recovered_000339_20250710_151852.zip (ZIP Archive/Office Document, 2773161 bytes)
2025-07-10 15:18:52,667 - INFO - Recovered file: recovered_000340_20250710_151852.zip (ZIP Archive/Office Document, 2781542 bytes)
2025-07-10 15:18:52,696 - INFO - Recovered file: recovered_000341_20250710_151852.TMP (Unknown File Type, 2772537 bytes)
2025-07-10 15:18:52,724 - INFO - Recovered file: recovered_000342_20250710_151852.zip (ZIP Archive/Office Document, 2781263 bytes)
2025-07-10 15:18:52,749 - INFO - Recovered file: recovered_000343_20250710_151852.zip (ZIP Archive/Office Document, 2785409 bytes)
2025-07-10 15:18:52,775 - INFO - Recovered file: recovered_000344_20250710_151852.unknown (Unknown File Type, 2772537 bytes)
2025-07-10 15:18:52,857 - INFO - Recovered file: recovered_000345_20250710_151852.unknown (Unknown File Type, 2781438 bytes)
2025-07-10 15:18:52,923 - INFO - Recovered file: recovered_000346_20250710_151852.TMP (Unknown File Type, 2772537 bytes)
2025-07-10 15:18:52,958 - INFO - Recovered file: recovered_000347_20250710_151852.zip (ZIP Archive/Office Document, 2781264 bytes)
2025-07-10 15:18:52,988 - INFO - Recovered file: recovered_000348_20250710_151852.zip (ZIP Archive/Office Document, 2781326 bytes)
2025-07-10 15:18:52,998 - INFO - Recovered file: recovered_000349_20250710_151852.zip (ZIP Archive/Office Document, 130037 bytes)
2025-07-10 15:18:53,014 - INFO - Recovered file: recovered_000350_20250710_151853.TMP (Unknown File Type, 15355 bytes)
2025-07-10 15:18:53,023 - INFO - Recovered file: recovered_000351_20250710_151853.zip (ZIP Archive/Office Document, 60933 bytes)
2025-07-10 15:18:53,030 - INFO - Recovered file: recovered_000352_20250710_151853.zip (ZIP Archive/Office Document, 60933 bytes)
2025-07-10 15:18:53,039 - INFO - Recovered file: recovered_000353_20250710_151853.zip (ZIP Archive/Office Document, 107309 bytes)
2025-07-10 15:18:53,055 - INFO - Recovered file: recovered_000354_20250710_151853.zip (ZIP Archive/Office Document, 32073 bytes)
2025-07-10 15:18:53,059 - INFO - Recovered file: recovered_000355_20250710_151853.doc (MS Office Document (Legacy), 68096 bytes)
2025-07-10 15:18:53,067 - INFO - Recovered file: recovered_000356_20250710_151853.doc (MS Office Document (Legacy), 52109 bytes)
2025-07-10 15:18:53,081 - INFO - Recovered file: recovered_000357_20250710_151853.zip (ZIP Archive/Office Document, 52152 bytes)
2025-07-10 15:18:53,092 - INFO - Recovered file: recovered_000358_20250710_151853.zip (ZIP Archive/Office Document, 52148 bytes)
2025-07-10 15:18:53,097 - INFO - Recovered file: recovered_000359_20250710_151853.zip (ZIP Archive/Office Document, 52153 bytes)
2025-07-10 15:18:53,110 - INFO - Recovered file: recovered_000360_20250710_151853.doc (MS Office Document (Legacy), 52152 bytes)
2025-07-10 15:18:53,118 - INFO - Recovered file: recovered_000361_20250710_151853.TMP (Unknown File Type, 107381 bytes)
2025-07-10 15:18:53,130 - INFO - Recovered file: recovered_000362_20250710_151853.zip (ZIP Archive/Office Document, 48374 bytes)
2025-07-10 15:18:53,140 - INFO - Recovered file: recovered_000363_20250710_151853.doc (MS Office Document (Legacy), 52148 bytes)
2025-07-10 15:18:53,142 - INFO - Recovered file: recovered_000364_20250710_151853.TMP (Unknown File Type, 107392 bytes)
2025-07-10 15:18:53,156 - INFO - Recovered file: recovered_000365_20250710_151853.zip (ZIP Archive/Office Document, 32065 bytes)
2025-07-10 15:18:53,161 - INFO - Recovered file: recovered_000366_20250710_151853.zip (ZIP Archive/Office Document, 107295 bytes)
2025-07-10 15:18:53,172 - INFO - Recovered file: recovered_000367_20250710_151853.TMP (Unknown File Type, 107399 bytes)
2025-07-10 15:18:53,176 - INFO - Recovered file: recovered_000368_20250710_151853.zip (ZIP Archive/Office Document, 44614 bytes)
2025-07-10 15:18:53,188 - INFO - Recovered file: recovered_000369_20250710_151853.zip (ZIP Archive/Office Document, 52109 bytes)
2025-07-10 15:18:53,191 - INFO - Recovered file: recovered_000370_20250710_151853.TMP (Unknown File Type, 80133 bytes)
2025-07-10 15:18:53,206 - INFO - Recovered file: recovered_000371_20250710_151853.zip (ZIP Archive/Office Document, 60933 bytes)
2025-07-10 15:18:53,213 - INFO - Recovered file: recovered_000372_20250710_151853.zip (ZIP Archive/Office Document, 107295 bytes)
2025-07-10 15:18:53,226 - INFO - Recovered file: recovered_000373_20250710_151853.zip (ZIP Archive/Office Document, 32065 bytes)
2025-07-10 15:18:53,239 - INFO - Recovered file: recovered_000374_20250710_151853.zip (ZIP Archive/Office Document, 52109 bytes)
2025-07-10 15:18:53,253 - INFO - Recovered file: recovered_000375_20250710_151853.TMP (Unknown File Type, 52152 bytes)
2025-07-10 15:18:53,259 - INFO - Recovered file: recovered_000376_20250710_151853.TMP (Unknown File Type, 52109 bytes)
2025-07-10 15:18:53,267 - INFO - Recovered file: recovered_000377_20250710_151853.TMP (Unknown File Type, 52148 bytes)
2025-07-10 15:18:53,273 - INFO - Recovered file: recovered_000378_20250710_151853.TMP (Unknown File Type, 52153 bytes)
2025-07-10 15:18:53,290 - INFO - Recovered file: recovered_000379_20250710_151853.TMP (Unknown File Type, 102209 bytes)
2025-07-10 15:18:53,295 - INFO - Recovered file: recovered_000380_20250710_151853.zip (ZIP Archive/Office Document, 52148 bytes)
2025-07-10 15:18:53,307 - INFO - Recovered file: recovered_000381_20250710_151853.TMP (Unknown File Type, 107381 bytes)
2025-07-10 15:18:53,314 - INFO - Recovered file: recovered_000382_20250710_151853.TMP (Unknown File Type, 107399 bytes)
2025-07-10 15:18:53,324 - INFO - Recovered file: recovered_000383_20250710_151853.TMP (Unknown File Type, 107392 bytes)
2025-07-10 15:18:53,343 - INFO - Recovered file: recovered_000384_20250710_151853.zip (ZIP Archive/Office Document, 44603 bytes)
2025-07-10 15:18:53,365 - INFO - Recovered file: recovered_000385_20250710_151853.TMP (Unknown File Type, 15355 bytes)
2025-07-10 15:18:53,371 - INFO - Recovered file: recovered_000386_20250710_151853.docx (Unknown File Type, 162 bytes)
2025-07-10 15:18:53,376 - INFO - Recovered file: recovered_000387_20250710_151853.docx (Unknown File Type, 162 bytes)
2025-07-10 15:18:53,385 - INFO - Recovered file: recovered_000388_20250710_151853.xlsx (Unknown File Type, 165 bytes)
2025-07-10 15:18:53,399 - INFO - Recovered file: recovered_000389_20250710_151853.xlsx (Unknown File Type, 165 bytes)
2025-07-10 15:18:53,409 - INFO - Recovered file: recovered_000390_20250710_151853.docx (Unknown File Type, 162 bytes)
2025-07-10 15:18:53,416 - INFO - Recovered file: recovered_000391_20250710_151853.docx (Unknown File Type, 162 bytes)
2025-07-10 15:18:53,426 - INFO - Recovered file: recovered_000392_20250710_151853.docx (Unknown File Type, 162 bytes)
2025-07-10 15:18:53,440 - INFO - Recovered file: recovered_000393_20250710_151853.docx (Unknown File Type, 162 bytes)
2025-07-10 15:18:53,466 - INFO - Recovered file: recovered_000394_20250710_151853.docx (Unknown File Type, 162 bytes)
2025-07-10 15:18:53,474 - INFO - Recovered file: recovered_000395_20250710_151853.doc (Unknown File Type, 162 bytes)
2025-07-10 15:18:53,493 - INFO - Recovered file: recovered_000396_20250710_151853.zip (ZIP Archive/Office Document, 162 bytes)
2025-07-10 15:18:53,506 - INFO - Recovered file: recovered_000397_20250710_151853.zip (ZIP Archive/Office Document, 162 bytes)
2025-07-10 15:18:53,517 - INFO - Recovered file: recovered_000398_20250710_151853.doc (Unknown File Type, 162 bytes)
2025-07-10 15:18:53,537 - INFO - Recovered file: recovered_000399_20250710_151853.xlsx (Unknown File Type, 165 bytes)
2025-07-10 15:18:53,558 - INFO - Recovered file: recovered_000400_20250710_151853.xlsx (Unknown File Type, 165 bytes)
2025-07-10 15:18:53,576 - INFO - Recovered file: recovered_000401_20250710_151853.xlsx (Unknown File Type, 165 bytes)
2025-07-10 15:18:53,578 - INFO - Recovered file: recovered_000402_20250710_151853.xlsx (Unknown File Type, 165 bytes)
2025-07-10 15:18:53,592 - INFO - Recovered file: recovered_000403_20250710_151853.docx (Unknown File Type, 162 bytes)
2025-07-10 15:18:53,607 - INFO - Recovered file: recovered_000404_20250710_151853.docx (Unknown File Type, 162 bytes)
2025-07-10 15:18:53,612 - INFO - Recovered file: recovered_000405_20250710_151853.docx (Unknown File Type, 162 bytes)
2025-07-10 15:18:53,625 - INFO - Recovered file: recovered_000406_20250710_151853.zip (ZIP Archive/Office Document, 162 bytes)
2025-07-10 15:18:53,638 - INFO - Recovered file: recovered_000407_20250710_151853.zip (ZIP Archive/Office Document, 162 bytes)
2025-07-10 15:18:53,647 - INFO - Recovered file: recovered_000408_20250710_151853.xlsx (Unknown File Type, 165 bytes)
2025-07-10 15:18:53,659 - INFO - Recovered file: recovered_000409_20250710_151853.xlsx (Unknown File Type, 165 bytes)
2025-07-10 15:18:53,673 - INFO - Recovered file: recovered_000410_20250710_151853.docx (Unknown File Type, 162 bytes)
2025-07-10 15:18:53,679 - INFO - Recovered file: recovered_000411_20250710_151853.docx (Unknown File Type, 162 bytes)
2025-07-10 15:18:53,695 - INFO - Recovered file: recovered_000412_20250710_151853.zip (ZIP Archive/Office Document, 44614 bytes)
2025-07-10 15:18:53,720 - INFO - Recovery report saved to: C:\Users\admin\Desktop\IT_Admin\Task\FlashdriveRecovery\recovered_files\recovery_report_20250710_151853.json
2025-07-10 15:19:00,439 - INFO - Analyzing file system on D:\
